<?xml version="1.0" encoding="UTF-8"?>
<testsuite xmlns:xsi="http://www.w3.org/2001/XMLSchema-instance" xsi:noNamespaceSchemaLocation="https://maven.apache.org/surefire/maven-surefire-plugin/xsd/surefire-test-report.xsd" name="com.project.springbootneo4j.SpringBootNeo4jApplicationTests" time="5.196" tests="1" errors="1" skipped="0" failures="0">
  <properties>
[...]
</properties>
  <testcase name="testCreate" classname="com.project.springbootneo4j.SpringBootNeo4jApplicationTests" time="2.077">
    <error message="Supplied id does not match primary index type on supplied class com.project.springbootneo4j.model.Station" type="java.lang.IllegalArgumentException">java.lang.IllegalArgumentException: Supplied id does not match primary index type on supplied class com.project.springbootneo4j.model.Station
	at com.project.springbootneo4j.SpringBootNeo4jApplicationTests.testCreate(SpringBootNeo4jApplicationTests.java:19)
</error>
    <system-out><![CDATA[16:57:04.315 [main] DEBUG org.springframework.test.context.BootstrapUtils - Instantiating CacheAwareContextLoaderDelegate from class [org.springframework.test.context.cache.DefaultCacheAwareContextLoaderDelegate]
16:57:04.331 [main] DEBUG org.springframework.test.context.BootstrapUtils - Instantiating BootstrapContext using constructor [public org.springframework.test.context.support.DefaultBootstrapContext(java.lang.Class,org.springframework.test.context.CacheAwareContextLoaderDelegate)]
16:57:04.365 [main] DEBUG org.springframework.test.context.BootstrapUtils - Instantiating TestContextBootstrapper for test class [com.project.springbootneo4j.SpringBootNeo4jApplicationTests] from class [org.springframework.boot.test.context.SpringBootTestContextBootstrapper]
16:57:04.386 [main] INFO org.springframework.boot.test.context.SpringBootTestContextBootstrapper - Neither @ContextConfiguration nor @ContextHierarchy found for test class [com.project.springbootneo4j.SpringBootNeo4jApplicationTests], using SpringBootContextLoader
16:57:04.391 [main] DEBUG org.springframework.test.context.support.AbstractContextLoader - Did not detect default resource location for test class [com.project.springbootneo4j.SpringBootNeo4jApplicationTests]: class path resource [com/project/springbootneo4j/SpringBootNeo4jApplicationTests-context.xml] does not exist
16:57:04.391 [main] DEBUG org.springframework.test.context.support.AbstractContextLoader - Did not detect default resource location for test class [com.project.springbootneo4j.SpringBootNeo4jApplicationTests]: class path resource [com/project/springbootneo4j/SpringBootNeo4jApplicationTestsContext.groovy] does not exist
16:57:04.391 [main] INFO org.springframework.test.context.support.AbstractContextLoader - Could not detect default resource locations for test class [com.project.springbootneo4j.SpringBootNeo4jApplicationTests]: no resource found for suffixes {-context.xml, Context.groovy}.
16:57:04.392 [main] INFO org.springframework.test.context.support.AnnotationConfigContextLoaderUtils - Could not detect default configuration classes for test class [com.project.springbootneo4j.SpringBootNeo4jApplicationTests]: SpringBootNeo4jApplicationTests does not declare any static, non-private, non-final, nested classes annotated with @Configuration.
16:57:04.443 [main] DEBUG org.springframework.test.context.support.ActiveProfilesUtils - Could not find an 'annotation declaring class' for annotation type [org.springframework.test.context.ActiveProfiles] and class [com.project.springbootneo4j.SpringBootNeo4jApplicationTests]
16:57:04.525 [main] DEBUG org.springframework.context.annotation.ClassPathScanningCandidateComponentProvider - Identified candidate component class: file [E:\project\SpringBoot-Neo4j\target\classes\com\project\springbootneo4j\SpringBootNeo4jApplication.class]
16:57:04.526 [main] INFO org.springframework.boot.test.context.SpringBootTestContextBootstrapper - Found @SpringBootConfiguration com.project.springbootneo4j.SpringBootNeo4jApplication for test class com.project.springbootneo4j.SpringBootNeo4jApplicationTests
16:57:04.640 [main] DEBUG org.springframework.boot.test.context.SpringBootTestContextBootstrapper - @TestExecutionListeners is not present for class [com.project.springbootneo4j.SpringBootNeo4jApplicationTests]: using defaults.
16:57:04.640 [main] INFO org.springframework.boot.test.context.SpringBootTestContextBootstrapper - Loaded default TestExecutionListener class names from location [META-INF/spring.factories]: [org.springframework.boot.test.mock.mockito.MockitoTestExecutionListener, org.springframework.boot.test.mock.mockito.ResetMocksTestExecutionListener, org.springframework.boot.test.autoconfigure.restdocs.RestDocsTestExecutionListener, org.springframework.boot.test.autoconfigure.web.client.MockRestServiceServerResetTestExecutionListener, org.springframework.boot.test.autoconfigure.web.servlet.MockMvcPrintOnlyOnFailureTestExecutionListener, org.springframework.boot.test.autoconfigure.web.servlet.WebDriverTestExecutionListener, org.springframework.boot.test.autoconfigure.webservices.client.MockWebServiceServerTestExecutionListener, org.springframework.test.context.web.ServletTestExecutionListener, org.springframework.test.context.support.DirtiesContextBeforeModesTestExecutionListener, org.springframework.test.context.support.DependencyInjectionTestExecutionListener, org.springframework.test.context.support.DirtiesContextTestExecutionListener, org.springframework.test.context.transaction.TransactionalTestExecutionListener, org.springframework.test.context.jdbc.SqlScriptsTestExecutionListener, org.springframework.test.context.event.EventPublishingTestExecutionListener]
16:57:04.665 [main] INFO org.springframework.boot.test.context.SpringBootTestContextBootstrapper - Using TestExecutionListeners: [org.springframework.test.context.web.ServletTestExecutionListener@1c5920df, org.springframework.test.context.support.DirtiesContextBeforeModesTestExecutionListener@17f9d882, org.springframework.boot.test.mock.mockito.MockitoTestExecutionListener@79e4c792, org.springframework.boot.test.autoconfigure.SpringBootDependencyInjectionTestExecutionListener@196a42c3, org.springframework.test.context.support.DirtiesContextTestExecutionListener@4c60d6e9, org.springframework.test.context.transaction.TransactionalTestExecutionListener@15043a2f, org.springframework.test.context.jdbc.SqlScriptsTestExecutionListener@4a83a74a, org.springframework.test.context.event.EventPublishingTestExecutionListener@1349883, org.springframework.boot.test.mock.mockito.ResetMocksTestExecutionListener@4b29d1d2, org.springframework.boot.test.autoconfigure.restdocs.RestDocsTestExecutionListener@7f485fda, org.springframework.boot.test.autoconfigure.web.client.MockRestServiceServerResetTestExecutionListener@28261e8e, org.springframework.boot.test.autoconfigure.web.servlet.MockMvcPrintOnlyOnFailureTestExecutionListener@d737b89, org.springframework.boot.test.autoconfigure.web.servlet.WebDriverTestExecutionListener@8519cb4, org.springframework.boot.test.autoconfigure.webservices.client.MockWebServiceServerTestExecutionListener@35dab4eb]
16:57:04.668 [main] DEBUG org.springframework.test.context.support.AbstractDirtiesContextTestExecutionListener - Before test class: context [DefaultTestContext@5b218417 testClass = SpringBootNeo4jApplicationTests, testInstance = [null], testMethod = [null], testException = [null], mergedContextConfiguration = [WebMergedContextConfiguration@645aa696 testClass = SpringBootNeo4jApplicationTests, locations = '{}', classes = '{class com.project.springbootneo4j.SpringBootNeo4jApplication}', contextInitializerClasses = '[]', activeProfiles = '{}', propertySourceLocations = '{}', propertySourceProperties = '{org.springframework.boot.test.context.SpringBootTestContextBootstrapper=true}', contextCustomizers = set[org.springframework.boot.test.context.filter.ExcludeFilterContextCustomizer@32eff876, org.springframework.boot.test.json.DuplicateJsonObjectContextCustomizerFactory$DuplicateJsonObjectContextCustomizer@71809907, org.springframework.boot.test.mock.mockito.MockitoContextCustomizer@0, org.springframework.boot.test.web.client.TestRestTemplateContextCustomizer@294425a7, org.springframework.boot.test.autoconfigure.properties.PropertyMappingContextCustomizer@0, org.springframework.boot.test.autoconfigure.web.servlet.WebDriverContextCustomizerFactory$Customizer@36bc55de, org.springframework.boot.test.context.SpringBootTestArgs@1, org.springframework.boot.test.context.SpringBootTestWebEnvironment@4520ebad], resourceBasePath = 'src/main/webapp', contextLoader = 'org.springframework.boot.test.context.SpringBootContextLoader', parent = [null]], attributes = map['org.springframework.test.context.web.ServletTestExecutionListener.activateListener' -> true]], class annotated with @DirtiesContext [false] with mode [null].
16:57:04.702 [main] DEBUG org.springframework.test.context.support.TestPropertySourceUtils - Adding inlined properties to environment: {spring.jmx.enabled=false, org.springframework.boot.test.context.SpringBootTestContextBootstrapper=true}

  .   ____          _            __ _ _
 /\\ / ___'_ __ _ _(_)_ __  __ _ \ \ \ \
( ( )\___ | '_ | '_| | '_ \/ _` | \ \ \ \
 \\/  ___)| |_)| | | | | || (_| |  ) ) ) )
  '  |____| .__|_| |_|_| |_\__, | / / / /
 =========|_|==============|___/=/_/_/_/
 :: Spring Boot ::        (v2.3.5.RELEASE)

2022-04-10 16:57:04.976  INFO 9424 --- [           main] c.p.s.SpringBootNeo4jApplicationTests    : Starting SpringBootNeo4jApplicationTests on LAPTOP-AR8NHGD5 with PID 9424 (started by Zixuan in E:\project\SpringBoot-Neo4j)
2022-04-10 16:57:04.977  INFO 9424 --- [           main] c.p.s.SpringBootNeo4jApplicationTests    : No active profile set, falling back to default profiles: default
2022-04-10 16:57:05.499  INFO 9424 --- [           main] .s.d.r.c.RepositoryConfigurationDelegate : Bootstrapping Spring Data Neo4j repositories in DEFAULT mode.
2022-04-10 16:57:05.587  INFO 9424 --- [           main] .s.d.r.c.RepositoryConfigurationDelegate : Finished Spring Data repository scanning in 77ms. Found 3 Neo4j repository interfaces.
2022-04-10 16:57:06.237  INFO 9424 --- [           main] org.neo4j.ogm.metadata.DomainInfo        : Starting Post-processing phase
2022-04-10 16:57:06.237  INFO 9424 --- [           main] org.neo4j.ogm.metadata.DomainInfo        : Building byLabel lookup maps
2022-04-10 16:57:06.238  INFO 9424 --- [           main] org.neo4j.ogm.metadata.DomainInfo        : Building interface class map for 18 classes
2022-04-10 16:57:06.251  INFO 9424 --- [           main] org.neo4j.ogm.metadata.DomainInfo        : Post-processing complete
2022-04-10 16:57:06.350  INFO 9424 --- [           main] o.s.d.neo4j.mapping.Neo4jMappingContext  : Neo4jMappingContext initialisation completed
2022-04-10 16:57:06.960  INFO 9424 --- [           main] o.s.s.concurrent.ThreadPoolTaskExecutor  : Initializing ExecutorService 'applicationTaskExecutor'
2022-04-10 16:57:07.334  INFO 9424 --- [           main] c.p.s.SpringBootNeo4jApplicationTests    : Started SpringBootNeo4jApplicationTests in 2.609 seconds (JVM running for 3.672)
2022-04-10 16:57:08.152  INFO 9424 --- [           main] Driver                                   : Direct driver instance 1999415998 created for server address localhost:7687
]]></system-out>
  </testcase>
</testsuite>